CMUPDATE: update of the application \SOBEK212\CF-E4.lit
7 tasks need update:SUFHYD,CASEDEF1,CONFIG1,PLUVIUS1,MAPPER1,VIEW1,VIEW2,

Updating case: 5 - docent: retentiebekken

Updating case: 8 - docent: retentiebekken met intelligente sturing

Updating case: 1 - retentiebekken met vaste stuw

Updating case: 3 - basiscase

Erased files: 
    none
New files in the application :
..\5\3B_ROUT.3B
..\5\TRIGGER.DEF
..\5\STRUCT.CMP
..\5\NETWORK.OBI
..\5\WASTLOAD.POS
..\5\LOADSWQ.DAT
..\5\LOADSWQ.TYP
..\5\2DBNDWQ.DAT
..\5\2DBNDWQ.TYP
..\5\2DDISPX.DAT
..\5\2DMONST.WQ
..\5\2DINIT.DAT
..\5\2DPARAM.DAT
..\5\EM2WQ.SUB
..\5\2DBNDWQ.GLB
..\5\2DCOEFX.DAT
..\5\2DWQ.DAT
..\5\2DDLWQ1.INP
..\5\2DDLWQ3.INP
..\5\2DCONST.DWQ
..\5\2DDLWQ2.INP
..\5\2DDLWQ4.INP
..\5\2DHISVAR.DAT
..\5\2DOUTLOC.DAT
..\5\2DOUTP.DWQ
..\5\2DOUTPM.DWQ
..\5\2DMAPVAR.DAT
..\5\FUNC.DLF
\SOBEK212\FIXED\DEFAULT.TMP
\SOBEK212\FIXED\DEFAULT.RNF
..\8\3B_ROUT.3B
..\8\TRIGGER.DEF
..\8\STRUCT.CMP
..\8\NETWORK.OBI
..\8\WASTLOAD.POS
..\8\LOADSWQ.DAT
..\8\LOADSWQ.TYP
..\8\2DBNDWQ.DAT
..\8\2DBNDWQ.TYP
..\8\2DDISPX.DAT
..\8\2DMONST.WQ
..\8\2DINIT.DAT
..\8\2DPARAM.DAT
..\8\EM2WQ.SUB
..\8\2DBNDWQ.GLB
..\8\2DCOEFX.DAT
..\8\2DWQ.DAT
..\8\2DDLWQ1.INP
..\8\2DDLWQ3.INP
..\8\2DCONST.DWQ
..\8\2DDLWQ2.INP
..\8\2DDLWQ4.INP
..\8\2DHISVAR.DAT
..\8\2DOUTLOC.DAT
..\8\2DOUTP.DWQ
..\8\2DOUTPM.DWQ
..\8\2DMAPVAR.DAT
..\8\FUNC.DLF
..\1\3B_ROUT.3B
..\1\TRIGGER.DEF
..\1\STRUCT.CMP
..\1\NETWORK.OBI
..\1\WASTLOAD.POS
..\1\LOADSWQ.DAT
..\1\LOADSWQ.TYP
..\1\2DBNDWQ.DAT
..\1\2DBNDWQ.TYP
..\1\2DDISPX.DAT
..\1\2DMONST.WQ
..\1\2DINIT.DAT
..\1\2DPARAM.DAT
..\1\EM2WQ.SUB
..\1\2DBNDWQ.GLB
..\1\2DCOEFX.DAT
..\1\2DWQ.DAT
..\1\2DDLWQ1.INP
..\1\2DDLWQ3.INP
..\1\2DCONST.DWQ
..\1\2DDLWQ2.INP
..\1\2DDLWQ4.INP
..\1\2DHISVAR.DAT
..\1\2DOUTLOC.DAT
..\1\2DOUTP.DWQ
..\1\2DOUTPM.DWQ
..\1\2DMAPVAR.DAT
..\1\FUNC.DLF
..\3\3B_ROUT.3B
..\3\TRIGGER.DEF
..\3\STRUCT.CMP
..\3\NETWORK.OBI
..\3\WASTLOAD.POS
..\3\LOADSWQ.DAT
..\3\LOADSWQ.TYP
..\3\2DBNDWQ.DAT
..\3\2DBNDWQ.TYP
..\3\2DDISPX.DAT
..\3\2DMONST.WQ
..\3\2DINIT.DAT
..\3\2DPARAM.DAT
..\3\EM2WQ.SUB
..\3\2DBNDWQ.GLB
..\3\2DCOEFX.DAT
..\3\2DWQ.DAT
..\3\2DDLWQ1.INP
..\3\2DDLWQ3.INP
..\3\2DCONST.DWQ
..\3\2DDLWQ2.INP
..\3\2DDLWQ4.INP
..\3\2DHISVAR.DAT
..\3\2DOUTLOC.DAT
..\3\2DOUTP.DWQ
..\3\2DOUTPM.DWQ
..\3\2DMAPVAR.DAT
..\3\FUNC.DLF
