 Run datum (DD-MM-YY) and time: 22-11-2002  15:15

 Summary of common data    
 ===============================

 Case name                                     
 Number of nodes               15     65.00 ha
 Number of links                7
 Number of paved areas          0      0.00 ha
 Number of unpaved areas        7     65.00 ha
 Number of greenhouse-areas     0      0.00 ha
           with basins                 0.00 ha
 Number of open water nodes     0      0.00 ha
 Number of structures           0
 Number of boundaries           8
 Number of NWRW nodes           0      0.00 ha
 Number of Sacramento nodes     0      0.00 ha

 Number of events               1
 Timestepsize    (s)          900




 Summary input data unpaved area          

 Node identification    Node   Surface   Surf.Level max.storage Drainage     Infiltration Alfa-factors    Storagecoefficient
                        name                       on land      depth        velocity     land  soil   (based on ref.level summer)
                                  (ha)     (m NAP)    (mm)      (m NAP)      (mm/uur)       (1/dag)       (mm)
======================================================================================================================================
6                    6                5.000      2.10      0.00      0.00      5.00    100.00      0.30    0.0541
10                   10              10.000      3.30      0.00      2.30      5.00    100.00      0.30    0.0377
13                   13              10.000      2.25      0.00      1.25      5.00    100.00      0.30    0.0377
14                   14              10.000      1.80      5.00      0.80      0.62    100.00      0.30    0.0377
15                   15              10.000      2.00      0.00      1.00      5.00    100.00      0.30    0.0377
16                   16              10.000      2.90      0.00      1.90      5.00    100.00      0.30    0.0377
18                   18              10.000      4.20      0.00      3.20      5.00    100.00      0.30    0.0377


 Summary input data boundaries      

 Node identification   Node    Init.level variable  serie
                       name      (m NAP)   (1=yes)   number
================================================================
335                  335             0.000        2        0
300                  300             0.000        2        0
260                  260             0.000        2        0
250                  250             0.000        2        0
280                  280             0.000        2        0
350                  350             0.000        2        0
3                    3               0.000        2        0
320                  320             0.000        2        0
