  Culvert       170-K1              
 Bottoml.+groundl. lower than bedl.+groundl. of reachseg.
  Culvert       160-K3              
 Bottoml.+groundl. lower than bedl.+groundl. of reachseg.
  Culvert       150-K5              
 Bottoml.+groundl. lower than bedl.+groundl. of reachseg.
  Culvert       175-K1              
 Bottoml.+groundl. lower than bedl.+groundl. of reachseg.
  Culvert       175-K3              
 Bottoml.+groundl. lower than bedl.+groundl. of reachseg.
  Culvert       175-K5              
 Bottoml.+groundl. lower than bedl.+groundl. of reachseg.
  Culvert       180-K3              
 Bottoml.+groundl. lower than bedl.+groundl. of reachseg.
 Bridge bottom level raised to bedl.+groundl. in reach seg.
  Culvert       195A-K3             
 Bottoml.+groundl. lower than bedl.+groundl. of reachseg.
  Culvert       200A-K4             
 Bottoml.+groundl. lower than bedl.+groundl. of reachseg.
  Culvert       225A-K2             
 Bottoml.+groundl. lower than bedl.+groundl. of reachseg.
  Culvert       230A-K5             
 Bottoml.+groundl. lower than bedl.+groundl. of reachseg.
  Culvert       340-K1              
 Bottoml.+groundl. lower than bedl.+groundl. of reachseg.
  Culvert       335-K1              
 Bottoml.+groundl. lower than bedl.+groundl. of reachseg.
 Bridge bottom level raised to bedl.+groundl. in reach seg.
  Culvert       250-K1              
 Bottoml.+groundl. lower than bedl.+groundl. of reachseg.
 Bridge bottom level raised to bedl.+groundl. in reach seg.
  Culvert       390-K1              
 Bottoml.+groundl. lower than bedl.+groundl. of reachseg.
  Culvert       380-K3              
 Bottoml.+groundl. lower than bedl.+groundl. of reachseg.
  Culvert       380-K5              
 Bottoml.+groundl. lower than bedl.+groundl. of reachseg.
  Culvert       370-K1              
 Bottoml.+groundl. lower than bedl.+groundl. of reachseg.
  Culvert       370-K3              
 Bottoml.+groundl. lower than bedl.+groundl. of reachseg.
  Culvert       350-K3              
 Bottoml.+groundl. lower than bedl.+groundl. of reachseg.
  Culvert       510-K9              
 Bottoml.+groundl. lower than bedl.+groundl. of reachseg.
  Culvert       510-K10             
 Bottoml.+groundl. lower than bedl.+groundl. of reachseg.
  WARNING: PLRTCRI (in RTC coupling)
           reach identification not found.
           reach =53                  
           file  =..\WORK\sbk_loc.rtc                                         
  WARNING: PLRTCRI (in RTC coupling)
           reach identification not found.
           reach =19                  
           file  =..\WORK\sbk_loc.rtc                                         
  WARNING: PLRTCRI (in RTC coupling)
           reach identification not found.
           reach =10                  
           file  =..\WORK\sbk_loc.rtc                                         
  WARNING: PLRTCRI (in RTC coupling)
           reach identification not found.
           reach =84                  
           file  =..\WORK\sbk_loc.rtc                                         
  WARNING: PLRTCRI (in RTC coupling)
           reach identification not found.
           reach =10                  
           file  =..\WORK\sbk_loc.rtc                                         
  WARNING: PLRTCRI (in RTC coupling)
           reach identification not found.
           reach =13                  
           file  =..\WORK\sbk_loc.rtc                                         
  WARNING: PLRTCRI (in RTC coupling)
           reach identification not found.
           reach =6                   
           file  =..\WORK\sbk_loc.rtc                                         
  WARNING: PLRTCRI (in RTC coupling)
           reach identification not found.
           reach =86                  
           file  =..\WORK\sbk_loc.rtc                                         
  WARNING: PLRTCRI (in RTC coupling)
           reach identification not found.
           reach =70                  
           file  =..\WORK\sbk_loc.rtc                                         
  WARNING: PLRTCRI (in RTC coupling)
           reach identification not found.
           reach =15                  
           file  =..\WORK\sbk_loc.rtc                                         
  WARNING: PLRTCRI (in RTC coupling)
           reach identification not found.
           reach =68                  
           file  =..\WORK\sbk_loc.rtc                                         
  WARNING: PLRTCRI (in RTC coupling)
           reach identification not found.
           reach =67                  
           file  =..\WORK\sbk_loc.rtc                                         
  WARNING: PLRTCRI (in RTC coupling)
           reach identification not found.
           reach =87                  
           file  =..\WORK\sbk_loc.rtc                                         
  WARNING: PLRTCRI (in RTC coupling)
           reach identification not found.
           reach =70                  
           file  =..\WORK\sbk_loc.rtc                                         
  WARNING: PLRTCRI (in RTC coupling)
           reach identification not found.
           reach =74                  
           file  =..\WORK\sbk_loc.rtc                                         
  WARNING: PLRTCRI (in RTC coupling)
           reach identification not found.
           reach =1                   
           file  =..\WORK\sbk_loc.rtc                                         
