 Run datum (DD-MM-YY) and time:  5- 4-2018  12:35

 Summary of common data    
 ===============================

 Case name                                     
 Number of nodes              131   1768.44 ha
 Number of links              130
 Number of paved areas         43     68.37 ha
 Number of unpaved areas       43   1700.07 ha
 Number of greenhouse-areas     0      0.00 ha
           with basins                 0.00 ha
 Number of open water nodes     0      0.00 ha
 Number of structures           0
 Number of boundaries          44
 Number of NWRW nodes           0      0.00 ha
 Number of Sacramento nodes     0      0.00 ha
 Number of RR Runoff nodes      0      0.00 ha
 Number of Cells                0      0.00 ha

 Number of events               1
 Timestepsize    (s)          900




 Summary input data paved area          

 Node identification     Node    Surface    Surf. max storage    max.storage  Capacity  
                         name                         street      sewer       sewerpump  
                                   (ha)      (m NAP)    (mm)       (mm)         (m3/s)   
===========================================================================================
PV_GFE94             DE SLOKKERT      7.767     10.53      1.00      4.00     0.000
PV_GFE96             DE SLOKKERT      0.236     10.38      1.00      4.00     0.000
PV_GFE100            DE SLOKKERT      0.609     10.58      1.00      4.00     0.000
PV_GFE102            DE SLOKKERT      0.543     11.10      1.00      4.00     0.000
PV_GFE103            DE SLOKKERT      0.739     10.33      1.00      4.00     0.000
PV_GFE108            RAVENSMEER       0.556     11.35      1.00      4.00     0.000
PV_GFE217            RAVENSMEER       0.133     11.08      1.00      4.00     0.000
PV_GFE111            RAVENSMEER       3.331      9.94      1.00      4.00     0.000
PV_GFE112            RAVENSMEER       0.575     10.08      1.00      4.00     0.000
PV_GFE114            RAVENSMEER       0.002      9.75      1.00      4.00     0.000
PV_GFE115            RAVENSMEER       0.238      9.58      1.00      4.00     0.000
PV_GFE116            RAVENSMEER       0.800     10.56      1.00      4.00     0.000
PV_GFE117            RAVENSMEER       0.198     10.49      1.00      4.00     0.000
PV_GFE118            DE SLOKKERT      0.325     11.17      1.00      4.00     0.000
PV_GFE120            DE SLOKKERT      0.151     10.77      1.00      4.00     0.000
PV_GFE15             DE SLOKKERT      0.956     11.25      1.00      4.00     0.000
PV_GFE128            DE SLOKKERT      0.000     10.27      0.00      0.00     0.000
PV_GFE129            DE SLOKKERT      1.750     10.63      1.00      4.00     0.000
PV_GFE13             DE SLOKKERT      4.054     10.90      1.00      4.00     0.000
PV_GFE75             DE SLOKKERT      3.970     11.10      1.00      4.00     0.000
PV_GFE219            DE SLOKKERT      1.348     11.57      1.00      4.00     0.000
PV_GFE186            DE SLOKKERT      0.715     11.20      1.00      4.00     0.000
PV_GFE188            DE SLOKKERT      5.111     11.98      1.00      4.00     0.000
PV_GFE1908           DE SLOKKERT      0.709     11.17      1.00      4.00     0.000
PV_GFE1910           VRIJ AFWATER     2.222     10.68      1.00      4.00     0.000
PV_GFE192            VRIJ AFWATER     2.322     10.43      1.00      4.00     0.000
PV_GFE193            VRIJ AFWATER     0.673     10.73      1.00      4.00     0.000
PV_GFE195            VRIJ AFWATER     0.717     10.84      1.00      4.00     0.000
PV_GFE199            VRIJ AFWATER     0.250     11.41      1.00      4.00     0.000
PV_GFE222            VRIJ AFWATER     0.000     11.74      0.00      0.00     0.000
PV_GFE200            VRIJ AFWATER     7.016     11.55      1.00      4.00     0.000
PV_GFE223            VRIJ AFWATER     0.000     11.43      0.00      0.00     0.000
PV_GFE201            VRIJ AFWATER     0.216     11.00      1.00      4.00     0.000
PV_GFE202            VRIJ AFWATER     0.135     10.94      1.00      4.00     0.000
PV_GFE203            VRIJ AFWATER     1.422     11.39      1.00      4.00     0.000
PV_GFE206            VRIJ AFWATER     3.612     11.70      1.00      4.00     0.000
PV_GFE208            VRIJ AFWATER     5.701     11.95      1.00      4.00     0.000
PV_GFE224            VRIJ AFWATER     0.007     11.13      1.00      4.00     0.000
PV_GFE24             VRIJ AFWATER     0.489     11.65      1.00      4.00     0.000
PV_GFE25             VRIJ AFWATER     4.811     11.90      1.00      4.00     0.000
PV_GFE225            VRIJ AFWATER     3.782     12.08      1.00      4.00     0.000
PV_GFE125            VRIJ AFWATER     0.000     10.00      0.00      0.00     0.000
PV_GFE130            DE SLOKKERT      0.180     10.29      1.00      4.00     0.000


 Summary input data unpaved area          

 Node identification    Node   Surface   Surf.Level max.storage Drainage     Infiltration Alfa-factors    Storagecoefficient
                        name                       on land      depth        velocity     land  soil   (based on ref.level summer)
                                  (ha)     (m NAP)    (mm)      (m NAP)      (mm/hour)      (1/day)       (mm)
======================================================================================================================================
UP_GFE94             DE SLOKKERT    116.117     10.53      5.00     10.13     99.00      0.00      0.00    0.0278
UP_GFE96             DE SLOKKERT     65.046     10.38      5.00      9.98     99.00      0.00      0.00    0.0278
UP_GFE100            DE SLOKKERT     14.521     10.58      5.00     10.18     99.00      0.00      0.00    0.0278
UP_GFE102            DE SLOKKERT     46.413     11.10      5.00     10.70     99.00      0.00      0.00    0.0278
UP_GFE103            DE SLOKKERT     23.742     10.33      5.00      9.93     99.00      0.00      0.00    0.0278
UP_GFE108            RAVENSMEER      15.713     11.35      0.64     10.95      0.21      0.00      0.00    0.0419
UP_GFE217            RAVENSMEER      14.047     11.08      0.64     10.68      0.21      0.00      0.00    0.0419
UP_GFE111            RAVENSMEER     131.939      9.94      0.64      9.54      0.21      0.00      0.00    0.0278
UP_GFE112            RAVENSMEER      32.665     10.08      0.64      9.68      0.21      0.00      0.00    0.0278
UP_GFE114            RAVENSMEER      32.638      9.75      0.64      9.35      0.21      0.00      0.00    0.0419
UP_GFE115            RAVENSMEER       9.065      9.58      0.64      9.18      0.21      0.00      0.00    0.0278
UP_GFE116            RAVENSMEER      33.861     10.56      0.64     10.16      0.21      0.00      0.00    0.0278
UP_GFE117            RAVENSMEER      33.348     10.49      0.64     10.10      0.21      0.00      0.00    0.0419
UP_GFE118            DE SLOKKERT     66.317     11.17      5.00     10.77     99.00      0.00      0.00    0.0278
UP_GFE120            DE SLOKKERT      3.010     10.77      5.00     10.37     99.00      0.00      0.00    0.0278
UP_GFE15             DE SLOKKERT     62.479     11.25      5.00     10.85     99.00      0.00      0.00    0.0278
UP_GFE128            DE SLOKKERT      8.842     10.27      5.00      9.88     99.00      0.00      0.00    0.0278
UP_GFE129            DE SLOKKERT     77.765     10.63      5.00     10.23     99.00      0.00      0.00    0.0278
UP_GFE13             DE SLOKKERT     43.844     10.90      5.00     10.50     99.00      0.00      0.00    0.0278
UP_GFE75             DE SLOKKERT     44.454     11.10      5.00     10.70     99.00      0.00      0.00    0.0278
UP_GFE219            DE SLOKKERT     10.836     11.57      5.00     11.17     99.00      0.00      0.00    0.0278
UP_GFE186            DE SLOKKERT     41.348     11.20      5.00     10.81     99.00      0.00      0.00    0.0278
UP_GFE188            DE SLOKKERT     76.216     11.98      5.00     11.58     99.00      0.00      0.00    0.0278
UP_GFE1908           DE SLOKKERT     47.630     11.17      5.00     10.77     99.00      0.00      0.00    0.0278
UP_GFE1910           VRIJ AFWATER    41.499     10.68      5.00     10.28     99.00      0.00      0.00    0.0278
UP_GFE192            VRIJ AFWATER    77.803     10.43      5.00     10.03     99.00      0.00      0.00    0.0278
UP_GFE193            VRIJ AFWATER     9.297     10.73      5.00     10.33     99.00      0.00      0.00    0.0278
UP_GFE195            VRIJ AFWATER    39.666     10.84      5.00     10.44     99.00      0.00      0.00    0.0278
UP_GFE199            VRIJ AFWATER    14.449     11.41      5.00     11.01     99.00      0.00      0.00    0.0278
UP_GFE222            VRIJ AFWATER    23.152     11.74      5.00     11.35     99.00      0.00      0.00    0.0278
UP_GFE200            VRIJ AFWATER   126.965     11.55      5.00     11.15     99.00      0.00      0.00    0.0278
UP_GFE223            VRIJ AFWATER    22.757     11.43      5.00     11.03     99.00      0.00      0.00    0.0278
UP_GFE201            VRIJ AFWATER    11.210     11.00      5.00     10.60     99.00      0.00      0.00    0.0278
UP_GFE202            VRIJ AFWATER    12.862     10.94      5.00     10.54     99.00      0.00      0.00    0.0278
UP_GFE203            VRIJ AFWATER    31.180     11.39      5.00     10.99     99.00      0.00      0.00    0.0278
UP_GFE206            VRIJ AFWATER    40.595     11.70      5.00     11.30     99.00      0.00      0.00    0.0278
UP_GFE208            VRIJ AFWATER    43.191     11.95      5.00     11.55     99.00      0.00      0.00    0.0278
UP_GFE224            VRIJ AFWATER    20.386     11.13      5.00     10.73     99.00      0.00      0.00    0.0278
UP_GFE24             VRIJ AFWATER    32.944     11.65      5.00     11.26     99.00      0.00      0.00    0.0278
UP_GFE25             VRIJ AFWATER    55.859     11.90      5.00     11.50     99.00      0.00      0.00    0.0278
UP_GFE225            VRIJ AFWATER    27.836     12.08      5.00     11.68     99.00      0.00      0.00    0.0278
UP_GFE125            VRIJ AFWATER     4.437     10.00      5.00      9.60     99.00      0.00      0.00    0.0278
UP_GFE130            DE SLOKKERT     12.124     10.29      5.00      9.89     99.00      0.00      0.00    0.0278


 Summary input data boundaries      

 Node identification   Node    Init.level variable  serie
                       name      (m NAP)   (1=yes)   number
================================================================
rrcfGFE94                            9.280        0        0
rrcfGFE96                            9.280        0        0
rrcfGFE100                           9.280        0        0
rrcfGFE102                           9.280        0        0
rrcfGFE103                           9.280        0        0
rrcfGFE108                           9.060        0        0
rrcfGFE217                           8.400        0        0
rrcfGFE111                           8.200        0        0
rrcfGFE112                           8.200        0        0
rrcfGFE114                           8.700        0        0
rrcfGFE115                           8.200        0        0
rrcfGFE116                           8.620        1        0
rrcfGFE117                           8.620        1        0
rrcfGFE118                           9.380        1        0
rrcfGFE120                           9.380        1        0
rrcfGFE15                            9.380        1        0
rrcfGFE128                           9.280        0        0
rrcfGFE129                           9.230        1        0
rrcfGFE13                            9.230        1        0
rrcfGFE75                            9.660        1        0
rrcfGFE219                           9.660        1        0
rrcfGFE186                          10.000        1        0
rrcfGFE188                          10.150        1        0
rrcfGFE1908                         10.000        1        0
rrcfGFE1910                          9.280        0        0
rrcfGFE192                           9.280        0        0
rrcfGFE193                           9.270        1        0
rrcfGFE195                           9.270        1        0
rrcfGFE199                           9.650        1        0
rrcfGFE222                           9.650        1        0
rrcfGFE200                           9.650        1        0
rrcfGFE223                           9.650        1        0
rrcfGFE201                          10.190        1        0
rrcfGFE202                          10.190        1        0
rrcfGFE203                          10.190        1        0
rrcfGFE206                          10.330        1        0
rrcfGFE208                          10.330        1        0
rrcfGFE224                          10.190        1        0
rrcfGFE24                           10.340        1        0
rrcfGFE25                           10.340        1        0
rrcfGFE225                          10.340        1        0
rrcfGFE125                           9.270        1        0
rrcfGFE130                           9.280        0        0
bndAWZI                              0.000        0        0
