  Following dimensions have been set:
  Number of nodes       =         131
  Boundary nodes        =          44
  Number of 3B-branches =         130
  Meteostations         =           1
  Paved areas           =          43
  I,ext.knoopnr, upstream/downstream nodes, SimSeq
       1       1       0       0      88                      rrcfGFE94           
       2       2       0       0      89                      rrcfGFE96           
       3       3       0       0      90                      rrcfGFE100          
       4       4       0       0      91                      rrcfGFE102          
       5       5       0       0      92                      rrcfGFE103          
       6       6       0       0      93                      rrcfGFE108          
       7       7       0       0      94                      rrcfGFE217          
       8       8       0       0      95                      rrcfGFE111          
       9       9       0       0      96                      rrcfGFE112          
      10      10       0       0      97                      rrcfGFE114          
      11      11       0       0      98                      rrcfGFE115          
      12      12       0       0      99                      rrcfGFE116          
      13      13       0       0     100                      rrcfGFE117          
      14      14       0       0     101                      rrcfGFE118          
      15      15       0       0     102                      rrcfGFE120          
      16      16       0       0     103                      rrcfGFE15           
      17      17       0       0     104                      rrcfGFE128          
      18      18       0       0     105                      rrcfGFE129          
      19      19       0       0     106                      rrcfGFE13           
      20      20       0       0     107                      rrcfGFE75           
      21      21       0       0     108                      rrcfGFE219          
      22      22       0       0     109                      rrcfGFE186          
      23      23       0       0     110                      rrcfGFE188          
      24      24       0       0     111                      rrcfGFE1908         
      25      25       0       0     112                      rrcfGFE1910         
      26      26       0       0     113                      rrcfGFE192          
      27      27       0       0     114                      rrcfGFE193          
      28      28       0       0     115                      rrcfGFE195          
      29      29       0       0     116                      rrcfGFE199          
      30      30       0       0     117                      rrcfGFE222          
      31      31       0       0     118                      rrcfGFE200          
      32      32       0       0     119                      rrcfGFE223          
      33      33       0       0     120                      rrcfGFE201          
      34      34       0       0     121                      rrcfGFE202          
      35      35       0       0     122                      rrcfGFE203          
      36      36       0       0     123                      rrcfGFE206          
      37      37       0       0     124                      rrcfGFE208          
      38      38       0       0     125                      rrcfGFE224          
      39      39       0       0     126                      rrcfGFE24           
      40      40       0       0     127                      rrcfGFE25           
      41      41       0       0     128                      rrcfGFE225          
      42      42       0       0     129                      rrcfGFE125          
      43      43       0       0     130                      rrcfGFE130          
      44      44       0      45      87                      AWZI                
      45      45       0       0     131                      bndAWZI             
      46      46       0       1       1 DE SLOKKERT          UP_GFE94            
      47      47       0      44       2 DE SLOKKERT          PV_GFE94            
      48      48       0       2       3 DE SLOKKERT          UP_GFE96            
      49      49       0      44       4 DE SLOKKERT          PV_GFE96            
      50      50       0       3       5 DE SLOKKERT          UP_GFE100           
      51      51       0      44       6 DE SLOKKERT          PV_GFE100           
      52      52       0       4       7 DE SLOKKERT          UP_GFE102           
      53      53       0      44       8 DE SLOKKERT          PV_GFE102           
      54      54       0       5       9 DE SLOKKERT          UP_GFE103           
      55      55       0      44      10 DE SLOKKERT          PV_GFE103           
      56      56       0       6      11 RAVENSMEER           UP_GFE108           
      57      57       0      44      12 RAVENSMEER           PV_GFE108           
      58      58       0       7      13 RAVENSMEER           UP_GFE217           
      59      59       0      44      14 RAVENSMEER           PV_GFE217           
      60      60       0       8      15 RAVENSMEER           UP_GFE111           
      61      61       0      44      16 RAVENSMEER           PV_GFE111           
      62      62       0       9      17 RAVENSMEER           UP_GFE112           
      63      63       0      44      18 RAVENSMEER           PV_GFE112           
      64      64       0      10      19 RAVENSMEER           UP_GFE114           
      65      65       0      44      20 RAVENSMEER           PV_GFE114           
      66      66       0      11      21 RAVENSMEER           UP_GFE115           
      67      67       0      44      22 RAVENSMEER           PV_GFE115           
      68      68       0      12      23 RAVENSMEER           UP_GFE116           
      69      69       0      44      24 RAVENSMEER           PV_GFE116           
      70      70       0      13      25 RAVENSMEER           UP_GFE117           
      71      71       0      44      26 RAVENSMEER           PV_GFE117           
      72      72       0      14      27 DE SLOKKERT          UP_GFE118           
      73      73       0      44      28 DE SLOKKERT          PV_GFE118           
      74      74       0      15      29 DE SLOKKERT          UP_GFE120           
      75      75       0      44      30 DE SLOKKERT          PV_GFE120           
      76      76       0      16      31 DE SLOKKERT          UP_GFE15            
      77      77       0      44      32 DE SLOKKERT          PV_GFE15            
      78      78       0      17      33 DE SLOKKERT          UP_GFE128           
      79      79       0      44      34 DE SLOKKERT          PV_GFE128           
      80      80       0      18      35 DE SLOKKERT          UP_GFE129           
      81      81       0      44      36 DE SLOKKERT          PV_GFE129           
      82      82       0      19      37 DE SLOKKERT          UP_GFE13            
      83      83       0      44      38 DE SLOKKERT          PV_GFE13            
      84      84       0      20      39 DE SLOKKERT          UP_GFE75            
      85      85       0      44      40 DE SLOKKERT          PV_GFE75            
      86      86       0      21      41 DE SLOKKERT          UP_GFE219           
      87      87       0      44      42 DE SLOKKERT          PV_GFE219           
      88      88       0      22      43 DE SLOKKERT          UP_GFE186           
      89      89       0      44      44 DE SLOKKERT          PV_GFE186           
      90      90       0      23      45 DE SLOKKERT          UP_GFE188           
      91      91       0      44      46 DE SLOKKERT          PV_GFE188           
      92      92       0      24      47 DE SLOKKERT          UP_GFE1908          
      93      93       0      44      48 DE SLOKKERT          PV_GFE1908          
      94      94       0      25      49 VRIJ AFWATEREND      UP_GFE1910          
      95      95       0      44      50 VRIJ AFWATEREND      PV_GFE1910          
      96      96       0      26      51 VRIJ AFWATEREND      UP_GFE192           
      97      97       0      44      52 VRIJ AFWATEREND      PV_GFE192           
      98      98       0      27      53 VRIJ AFWATEREND      UP_GFE193           
      99      99       0      44      54 VRIJ AFWATEREND      PV_GFE193           
     100     100       0      28      55 VRIJ AFWATEREND      UP_GFE195           
     101     101       0      44      56 VRIJ AFWATEREND      PV_GFE195           
     102     102       0      29      57 VRIJ AFWATEREND      UP_GFE199           
     103     103       0      44      58 VRIJ AFWATEREND      PV_GFE199           
     104     104       0      30      59 VRIJ AFWATEREND      UP_GFE222           
     105     105       0      44      60 VRIJ AFWATEREND      PV_GFE222           
     106     106       0      31      61 VRIJ AFWATEREND      UP_GFE200           
     107     107       0      44      62 VRIJ AFWATEREND      PV_GFE200           
     108     108       0      32      63 VRIJ AFWATEREND      UP_GFE223           
     109     109       0      44      64 VRIJ AFWATEREND      PV_GFE223           
     110     110       0      33      65 VRIJ AFWATEREND      UP_GFE201           
     111     111       0      44      66 VRIJ AFWATEREND      PV_GFE201           
     112     112       0      34      67 VRIJ AFWATEREND      UP_GFE202           
     113     113       0      44      68 VRIJ AFWATEREND      PV_GFE202           
     114     114       0      35      69 VRIJ AFWATEREND      UP_GFE203           
     115     115       0      44      70 VRIJ AFWATEREND      PV_GFE203           
     116     116       0      36      71 VRIJ AFWATEREND      UP_GFE206           
     117     117       0      44      72 VRIJ AFWATEREND      PV_GFE206           
     118     118       0      37      73 VRIJ AFWATEREND      UP_GFE208           
     119     119       0      44      74 VRIJ AFWATEREND      PV_GFE208           
     120     120       0      38      75 VRIJ AFWATEREND      UP_GFE224           
     121     121       0      44      76 VRIJ AFWATEREND      PV_GFE224           
     122     122       0      39      77 VRIJ AFWATEREND      UP_GFE24            
     123     123       0      44      78 VRIJ AFWATEREND      PV_GFE24            
     124     124       0      40      79 VRIJ AFWATEREND      UP_GFE25            
     125     125       0      44      80 VRIJ AFWATEREND      PV_GFE25            
     126     126       0      41      81 VRIJ AFWATEREND      UP_GFE225           
     127     127       0      44      82 VRIJ AFWATEREND      PV_GFE225           
     128     128       0      42      83 VRIJ AFWATEREND      UP_GFE125           
     129     129       0      44      84 VRIJ AFWATEREND      PV_GFE125           
     130     130       0      43      85 DE SLOKKERT          UP_GFE130           
     131     131       0      44      86 DE SLOKKERT          PV_GFE130           
  Unpaved areas         =          43
  Crops                 =          16
  KvdL history          =         960
  WWTP or RWZI nodes    =           1
  RRConnection nodes    =           1
Warning: Only one weatherstation in rainfall/runoff/temperature file. No check of meteostation names performed; all nodes use this one and only meteostation.
Warning: Crop factor <=0.0 or >=2.0 for crop greenhouse area
Warning: Crop factor <=0.0 or >=2.0 for crop flowers
Warning: Crop factor <=0.0 or >=2.0 for crop greenhouse area
Warning: Crop factor <=0.0 or >=2.0 for crop flowers
Warning: Crop factor <=0.0 or >=2.0 for crop greenhouse area
Warning: Crop factor <=0.0 or >=2.0 for crop flowers
Warning: Crop factor <=0.0 or >=2.0 for crop greenhouse area
Warning: Crop factor <=0.0 or >=2.0 for crop flowers
Warning: Crop factor <=0.0 or >=2.0 for crop greenhouse area
Warning: Crop factor <=0.0 or >=2.0 for crop flowers
Warning: Crop factor <=0.0 or >=2.0 also for more crops/timesteps
  Start event            1
 Succesfull logout of Sobek_RR                                                  
