 Run datum (DD-MM-YY) and time: 5- 4-2018  12:35

 Case name                                     



 Maxima per event

 Event   Start     Node identification   Node      Groundwaterlevel    Surf_runoff    Disch_soil    Rainfall   Acceptable  gw   GWL on surface  Cum.Exc.Threshold GWL
  nr  year-mon-day                       name            [m]NAP         [m3/s]          [m3/s]        [m3/s]       NAP          [hour]
===================================================================================================================================================================
   1 2008 Jan   1   UP_GFE94             DE SLOKKERT           10.515        0.000        0.767        5.451      999.000            0               0.000
   1 2008 Jan   1   UP_GFE96             DE SLOKKERT           10.372        0.000        0.407        3.054      999.000            0               0.000
   1 2008 Jan   1   UP_GFE100            DE SLOKKERT           10.566        0.000        0.094        0.682      999.000            0               0.000
   1 2008 Jan   1   UP_GFE102            DE SLOKKERT           11.032        0.000        0.268        2.179      999.000            0               0.000
   1 2008 Jan   1   UP_GFE103            DE SLOKKERT           10.311        0.000        0.150        1.115      999.000            0               0.000
   1 2008 Jan   1   UP_GFE108            RAVENSMEER             9.460        0.122        0.001        0.738      999.000            0               0.000
   1 2008 Jan   1   UP_GFE217            RAVENSMEER             9.108        0.109        0.001        0.659      999.000            0               0.000
   1 2008 Jan   1   UP_GFE111            RAVENSMEER             9.002        1.025        0.008        6.194      999.000            0               0.000
   1 2008 Jan   1   UP_GFE112            RAVENSMEER             9.192        0.254        0.006        1.533      999.000            0               0.000
   1 2008 Jan   1   UP_GFE114            RAVENSMEER             9.001        0.254        0.013        1.532      999.000            0               0.000
   1 2008 Jan   1   UP_GFE115            RAVENSMEER             8.825        0.070        0.004        0.426      999.000            0               0.000
   1 2008 Jan   1   UP_GFE116            RAVENSMEER             9.486        0.263        0.002        1.590      999.000            0               0.000
   1 2008 Jan   1   UP_GFE117            RAVENSMEER             9.427        0.259        0.002        1.566      999.000            0               0.000
   1 2008 Jan   1   UP_GFE118            DE SLOKKERT           11.138        0.000        0.400        3.113      999.000            0               0.000
   1 2008 Jan   1   UP_GFE120            DE SLOKKERT           10.725        0.000        0.019        0.141      999.000            0               0.000
   1 2008 Jan   1   UP_GFE15             DE SLOKKERT           11.217        0.000        0.383        2.933      999.000            0               0.000
   1 2008 Jan   1   UP_GFE128            DE SLOKKERT           10.275        0.000        0.056        0.415      999.000            0               0.000
   1 2008 Jan   1   UP_GFE129            DE SLOKKERT           10.572        0.000        0.461        3.651      999.000            0               0.000
   1 2008 Jan   1   UP_GFE13             DE SLOKKERT           10.813        0.000        0.262        2.058      999.000            0               0.000
   1 2008 Jan   1   UP_GFE75             DE SLOKKERT           11.015        0.000        0.267        2.087      999.000            0               0.000
   1 2008 Jan   1   UP_GFE219            DE SLOKKERT           11.432        0.000        0.061        0.509      999.000            0               0.000
   1 2008 Jan   1   UP_GFE186            DE SLOKKERT           11.011        0.000        0.247        1.941      999.000            0               0.000
   1 2008 Jan   1   UP_GFE188            DE SLOKKERT           11.870        0.000        0.436        3.578      999.000            0               0.000
   1 2008 Jan   1   UP_GFE1908           DE SLOKKERT           11.137        0.000        0.291        2.236      999.000            0               0.000
   1 2008 Jan   1   UP_GFE1910           VRIJ AFWATEREND       10.612        0.000        0.247        1.948      999.000            0               0.000
   1 2008 Jan   1   UP_GFE192            VRIJ AFWATEREND       10.423        0.000        0.500        3.652      999.000            0               0.000
   1 2008 Jan   1   UP_GFE193            VRIJ AFWATEREND       10.654        0.000        0.056        0.436      999.000            0               0.000
   1 2008 Jan   1   UP_GFE195            VRIJ AFWATEREND       10.823        0.000        0.249        1.862      999.000            0               0.000
   1 2008 Jan   1   UP_GFE199            VRIJ AFWATEREND       11.314        0.000        0.081        0.678      999.000            0               0.000
   1 2008 Jan   1   UP_GFE222            VRIJ AFWATEREND       11.687        0.000        0.135        1.087      999.000            0               0.000
   1 2008 Jan   1   UP_GFE200            VRIJ AFWATEREND       11.442        0.000        0.720        5.960      999.000            0               0.000
   1 2008 Jan   1   UP_GFE223            VRIJ AFWATEREND       11.426        0.000        0.143        1.068      999.000            0               0.000
   1 2008 Jan   1   UP_GFE201            VRIJ AFWATEREND       11.000        0.000        0.069        0.526      999.000            2               0.000
   1 2008 Jan   1   UP_GFE202            VRIJ AFWATEREND       10.937        0.003        0.077        0.604      999.000           10               0.000
   1 2008 Jan   1   UP_GFE203            VRIJ AFWATEREND       11.373        0.000        0.202        1.464      999.000            0               0.000
   1 2008 Jan   1   UP_GFE206            VRIJ AFWATEREND       11.626        0.000        0.250        1.906      999.000            0               0.000
   1 2008 Jan   1   UP_GFE208            VRIJ AFWATEREND       11.815        0.000        0.249        2.028      999.000            0               0.000
   1 2008 Jan   1   UP_GFE224            VRIJ AFWATEREND       11.130        0.000        0.128        0.957      999.000            0               0.000
   1 2008 Jan   1   UP_GFE24             VRIJ AFWATEREND       11.619        0.000        0.200        1.547      999.000            0               0.000
   1 2008 Jan   1   UP_GFE25             VRIJ AFWATEREND       11.802        0.000        0.331        2.622      999.000            0               0.000
   1 2008 Jan   1   UP_GFE225            VRIJ AFWATEREND       11.984        0.000        0.173        1.307      999.000            0               0.000
   1 2008 Jan   1   UP_GFE125            VRIJ AFWATEREND       10.000        0.002        0.026        0.208      999.000            3               0.000
   1 2008 Jan   1   UP_GFE130            DE SLOKKERT           10.282        0.000        0.077        0.569      999.000            0               0.000
