%!Adobe-FontList 1.16
%Locale:0x409

%BeginFont
Handler:DirectoryHandler
FontType:TrueType
FontName:OpenSans-Bold
FamilyName:Open Sans
StyleName:Bold
MenuName:Open Sans
StyleBits:2
WeightClass:700
WidthClass:5
AngleClass:0
FullName:Open Sans Bold
WritingScript:Roman
OutlineFileName:\OpenSans-Bold.ttf
DataFormat:sfntData
FileLength:224592
FileModTime:1314065650
NameArray:0,Mac,4,Open Sans Bold
NameArray:0,Win,1,Open Sans
%EndFont

%BeginFont
Handler:DirectoryHandler
FontType:TrueType
FontName:OpenSans-Extrabold
FamilyName:Open Sans
StyleName:Extrabold
MenuName:Open Sans Extrabold
StyleBits:0
WeightClass:800
WidthClass:5
AngleClass:0
FullName:Open Sans Extrabold
WritingScript:Roman
OutlineFileName:\OpenSans-ExtraBold.ttf
DataFormat:sfntData
FileLength:222584
FileModTime:1314065650
NameArray:0,Mac,4,Open Sans Extrabold
NameArray:0,Win,1,Open Sans Extrabold
NameArray:0,Win,16,Open Sans
%EndFont

%BeginFont
Handler:DirectoryHandler
FontType:TrueType
FontName:OpenSans-Italic
FamilyName:Open Sans
StyleName:Italic
MenuName:Open Sans
StyleBits:1
WeightClass:400
WidthClass:5
AngleClass:1
FullName:Open Sans Italic
WritingScript:Roman
OutlineFileName:\OpenSans-Italic.ttf
DataFormat:sfntData
FileLength:212896
FileModTime:1314065650
NameArray:0,Mac,4,Open Sans Italic
NameArray:0,Win,1,Open Sans
%EndFont

%BeginFont
Handler:DirectoryHandler
FontType:TrueType
FontName:OpenSans-Light
FamilyName:Open Sans
StyleName:Light
MenuName:Open Sans Light
StyleBits:0
WeightClass:300
WidthClass:5
AngleClass:0
FullName:Open Sans Light
WritingScript:Roman
OutlineFileName:\OpenSans-Light.ttf
DataFormat:sfntData
FileLength:222412
FileModTime:1314065650
NameArray:0,Mac,4,Open Sans Light
NameArray:0,Win,1,Open Sans Light
NameArray:0,Win,16,Open Sans
%EndFont

%BeginFont
Handler:DirectoryHandler
FontType:TrueType
FontName:OpenSans
FamilyName:Open Sans
StyleName:Regular
MenuName:Open Sans
StyleBits:0
WeightClass:400
WidthClass:5
AngleClass:0
FullName:Open Sans
WritingScript:Roman
OutlineFileName:\OpenSans-Regular.ttf
DataFormat:sfntData
FileLength:217360
FileModTime:1314065650
NameArray:0,Mac,4,Open Sans
NameArray:0,Win,1,Open Sans
%EndFont

%BeginFont
Handler:DirectoryHandler
FontType:TrueType
FontName:OpenSans-Semibold
FamilyName:Open Sans
StyleName:Semibold
MenuName:Open Sans Semibold
StyleBits:0
WeightClass:600
WidthClass:5
AngleClass:0
FullName:Open Sans Semibold
WritingScript:Roman
OutlineFileName:\OpenSans-Semibold.ttf
DataFormat:sfntData
FileLength:221328
FileModTime:1314065650
NameArray:0,Mac,4,Open Sans Semibold
NameArray:0,Win,1,Open Sans Semibold
NameArray:0,Win,16,Open Sans
%EndFont

%BeginFont
Handler:DirectoryHandler
FontType:TrueType
FontName:OpenSans-SemiboldItalic
FamilyName:Open Sans
StyleName:Semibold Italic
MenuName:Open Sans Semibold
StyleBits:1
WeightClass:600
WidthClass:5
AngleClass:1
FullName:Open Sans Semibold Italic
WritingScript:Roman
OutlineFileName:\OpenSans-SemiboldItalic.ttf
DataFormat:sfntData
FileLength:212820
FileModTime:1314065650
NameArray:0,Mac,4,Open Sans Semibold Italic
NameArray:0,Win,1,Open Sans Semibold
NameArray:0,Win,16,Open Sans
%EndFont

%BeginFont
Handler:DirectoryHandler
FontType:Type1
FontName:RijksoverheidSans-Regular
FamilyName:RijksoverheidSans
StyleName:Regular
MenuName:RijksoverheidSans
StyleBits:0
WeightClass:400
WidthClass:5
AngleClass:0
FullName:RijksoverheidSans
WritingScript:Roman
OutlineFileName:\RijksoverheidSans-Regular.otf
DataFormat:sfntData
UsesStandardEncoding:yes
isCFF:yes
FileLength:62200
FileModTime:1220457890
NameArray:0,Mac,4,RijksoverheidSans
NameArray:0,Win,1,RijksoverheidSans
%EndFont

%BeginFont
Handler:DirectoryHandler
FontType:Invalid
OutlineFileName:\TheMix 4 SemiLight
FileModTime:831629290
%EndFont

%BeginFont
Handler:DirectoryHandler
FontType:Invalid
OutlineFileName:\TheMixSemLigIta
FileModTime:783514800
%EndFont

